2024-07-30 17:52:08,504 - __main__ - INFO - parsing pdf at : /home/kumarsau/private/capula/pyhelp/jpy_parser/data/S100TZQ3.pdf
2024-07-30 17:52:08,504 - __main__ - INFO - retrieve japenese text
2024-07-30 17:52:08,598 - __main__ - INFO - translating to english
2024-07-30 17:52:26,649 - __main__ - WARNING - couldnt find approved buyback shares, error : expecting 2 numbers for buyback shares - No of stocks and stocks' value in Yen
2024-07-30 17:53:34,977 - __main__ - INFO - parsing pdf at : /home/kumarsau/private/capula/pyhelp/jpy_parser/data/S100TZQ3.pdf
2024-07-30 17:53:34,977 - __main__ - INFO - retrieve japenese text
2024-07-30 17:53:35,068 - __main__ - INFO - translating to english
2024-07-30 17:53:35,473 - __main__ - WARNING - couldnt find approved buyback shares, error : expecting 2 numbers for buyback shares - No of stocks and stocks' value in Yen
2024-07-30 17:57:58,194 - __main__ - INFO - parsing pdf at : /home/kumarsau/private/capula/pyhelp/jpy_parser/data/S100TZQ3.pdf
2024-07-30 17:57:58,195 - __main__ - INFO - retrieve japenese text
2024-07-30 17:57:58,289 - __main__ - INFO - translating to english
2024-07-30 17:57:58,719 - __main__ - WARNING - couldnt find approved buyback shares, error : expecting 2 numbers for buyback shares - No of stocks and stocks' value in Yen
2024-07-30 17:58:16,831 - __main__ - INFO - parsing pdf at : /home/kumarsau/private/capula/pyhelp/jpy_parser/data/S100TZQ3.pdf
2024-07-30 17:58:16,831 - __main__ - INFO - retrieve japenese text
2024-07-30 17:58:16,919 - __main__ - INFO - translating to english
2024-07-30 17:58:17,219 - __main__ - WARNING - couldnt find approved buyback shares, error : expecting 2 numbers for buyback shares - No of stocks and stocks' value in Yen
2024-07-30 17:58:31,344 - __main__ - INFO - parsing pdf at : /home/kumarsau/private/capula/pyhelp/jpy_parser/data/S100TZQ3.pdf
2024-07-30 17:58:31,344 - __main__ - INFO - retrieve japenese text
2024-07-30 17:58:31,431 - __main__ - INFO - translating to english
2024-07-30 17:58:31,784 - __main__ - WARNING - couldnt find approved buyback shares, error : expecting 2 numbers for buyback shares - No of stocks and stocks' value in Yen
2024-07-30 18:00:29,863 - __main__ - INFO - parsing pdf at : /home/kumarsau/private/capula/pyhelp/jpy_parser/data/S100TZQ3.pdf
2024-07-30 18:00:29,863 - __main__ - INFO - retrieve japenese text
2024-07-30 18:00:29,953 - __main__ - INFO - translating to english
2024-07-30 18:00:30,282 - __main__ - WARNING - couldnt find approved buyback shares, error : expecting 2 numbers for buyback shares - No of stocks and stocks' value in Yen
2024-07-30 18:00:44,192 - __main__ - INFO - parsing pdf at : /home/kumarsau/private/capula/pyhelp/jpy_parser/data/S100TZQ3.pdf
2024-07-30 18:00:44,192 - __main__ - INFO - retrieve japenese text
2024-07-30 18:00:44,280 - __main__ - INFO - translating to english
2024-07-30 18:00:44,625 - __main__ - WARNING - couldnt find approved buyback shares, error : expecting 2 numbers for buyback shares - No of stocks and stocks' value in Yen
2024-07-30 18:01:40,471 - __main__ - INFO - parsing pdf at : /home/kumarsau/private/capula/pyhelp/jpy_parser/data/S100TZQ3.pdf
2024-07-30 18:01:40,471 - __main__ - INFO - retrieve japenese text
2024-07-30 18:01:40,562 - __main__ - INFO - translating to english
2024-07-30 18:01:40,953 - __main__ - WARNING - couldnt find approved buyback shares, error : expecting 2 numbers for buyback shares - No of stocks and stocks' value in Yen
2024-07-30 18:01:50,668 - __main__ - INFO - parsing pdf at : /home/kumarsau/private/capula/pyhelp/jpy_parser/data/S100TZQ3.pdf
2024-07-30 18:01:50,668 - __main__ - INFO - retrieve japenese text
2024-07-30 18:01:50,755 - __main__ - INFO - translating to english
2024-07-30 18:01:51,060 - __main__ - WARNING - couldnt find approved buyback shares, error : expecting 2 numbers for buyback shares - No of stocks and stocks' value in Yen
2024-07-30 18:04:46,385 - __main__ - INFO - parsing pdf at : /home/kumarsau/private/capula/pyhelp/jpy_parser/data/S100TZQ3.pdf
2024-07-30 18:04:46,385 - __main__ - INFO - retrieve japenese text
2024-07-30 18:04:46,478 - __main__ - INFO - translating to english
2024-07-30 18:04:46,861 - __main__ - WARNING - couldnt find approved buyback shares, error : expecting 2 numbers for buyback shares - No of stocks and stocks' value in Yen
2024-07-30 18:05:50,767 - __main__ - INFO - parsing pdf at : /home/kumarsau/private/capula/pyhelp/jpy_parser/data/S100TZQ3.pdf
2024-07-30 18:05:50,767 - __main__ - INFO - retrieve japenese text
2024-07-30 18:05:50,858 - __main__ - INFO - translating to english
2024-07-30 18:05:51,232 - __main__ - WARNING - couldnt find approved buyback shares, error : expecting 2 numbers for buyback shares - No of stocks and stocks' value in Yen
2024-07-30 18:06:03,195 - __main__ - INFO - parsing pdf at : /home/kumarsau/private/capula/pyhelp/jpy_parser/data/S100TZQ3.pdf
2024-07-30 18:06:03,196 - __main__ - INFO - retrieve japenese text
2024-07-30 18:06:03,283 - __main__ - INFO - translating to english
2024-07-30 18:06:03,943 - __main__ - WARNING - couldnt find approved buyback shares, error : expecting 2 numbers for buyback shares - No of stocks and stocks' value in Yen
2024-07-30 18:08:23,924 - __main__ - INFO - parsing pdf at : /home/kumarsau/private/capula/pyhelp/jpy_parser/data/S100TZQ3.pdf
2024-07-30 18:08:23,924 - __main__ - INFO - retrieve japenese text
2024-07-30 18:08:24,011 - __main__ - INFO - translating to english
2024-07-30 18:08:24,497 - __main__ - WARNING - couldnt find approved buyback shares, error : expecting 2 numbers for buyback shares - No of stocks and stocks' value in Yen
2024-07-30 18:08:24,497 - __main__ - INFO - parsing pdf at : /home/kumarsau/private/capula/pyhelp/jpy_parser/data/S100U0Q8.pdf
2024-07-30 18:08:24,497 - __main__ - INFO - retrieve japenese text
2024-07-30 18:08:24,603 - __main__ - INFO - translating to english
2024-07-30 18:08:26,088 - __main__ - WARNING - couldnt find disposed shares, error : list index out of range
2024-07-30 18:08:26,089 - __main__ - WARNING - couldnt find treasury stocks, error : expecting 2 numbers for buyback shares - No of stocks and stocks' value in Yen
2024-07-30 18:08:26,089 - __main__ - INFO - parsing pdf at : /home/kumarsau/private/capula/pyhelp/jpy_parser/data/S100U1SV.pdf
2024-07-30 18:08:26,089 - __main__ - INFO - retrieve japenese text
2024-07-30 18:08:26,194 - __main__ - INFO - translating to english
2024-07-30 18:08:26,576 - __main__ - WARNING - couldnt find disposed shares, error : list index out of range
2024-07-30 18:08:26,577 - __main__ - INFO - parsing pdf at : /home/kumarsau/private/capula/pyhelp/jpy_parser/data/S100U200.pdf
2024-07-30 18:08:26,577 - __main__ - INFO - retrieve japenese text
2024-07-30 18:08:26,703 - __main__ - INFO - translating to english
2024-07-30 18:08:28,250 - __main__ - WARNING - couldnt find disposed shares, error : list index out of range
2024-07-30 18:08:28,250 - __main__ - WARNING - couldnt find treasury stocks, error : expecting 2 numbers for buyback shares - No of stocks and stocks' value in Yen
2024-07-30 18:08:28,250 - __main__ - INFO - parsing pdf at : /home/kumarsau/private/capula/pyhelp/jpy_parser/data/S100U203.pdf
2024-07-30 18:08:28,251 - __main__ - INFO - retrieve japenese text
2024-07-30 18:08:28,359 - __main__ - INFO - translating to english
2024-07-30 18:08:28,701 - __main__ - WARNING - couldnt find disposed shares, error : list index out of range
2024-07-30 18:08:28,701 - __main__ - WARNING - couldnt find treasury stocks, error : expecting 2 numbers for buyback shares - No of stocks and stocks' value in Yen
2024-07-30 18:08:28,701 - __main__ - INFO - parsing pdf at : /home/kumarsau/private/capula/pyhelp/jpy_parser/data/S100U204.pdf
2024-07-30 18:08:28,702 - __main__ - INFO - retrieve japenese text
2024-07-30 18:08:28,850 - __main__ - INFO - translating to english
2024-07-30 18:08:30,413 - __main__ - WARNING - couldnt find disposed shares, error : list index out of range
2024-07-30 18:08:30,413 - __main__ - WARNING - couldnt find approved buyback shares, error : expecting 2 numbers for buyback shares - No of stocks and stocks' value in Yen
2024-07-30 18:09:05,333 - __main__ - INFO - parsing pdf at : /home/kumarsau/private/capula/pyhelp/jpy_parser/data/S100TZQ3.pdf
2024-07-30 18:09:05,334 - __main__ - INFO - retrieve japenese text
2024-07-30 18:09:05,427 - __main__ - INFO - translating to english
2024-07-30 18:09:05,854 - __main__ - WARNING - couldnt find approved buyback shares, error : expecting 2 numbers for buyback shares - No of stocks and stocks' value in Yen
2024-07-30 18:09:05,855 - __main__ - INFO - parsing pdf at : /home/kumarsau/private/capula/pyhelp/jpy_parser/data/S100U0Q8.pdf
2024-07-30 18:09:05,855 - __main__ - INFO - retrieve japenese text
2024-07-30 18:09:05,924 - __main__ - INFO - translating to english
2024-07-30 18:09:06,270 - __main__ - WARNING - couldnt find disposed shares, error : list index out of range
2024-07-30 18:09:06,270 - __main__ - WARNING - couldnt find treasury stocks, error : expecting 2 numbers for buyback shares - No of stocks and stocks' value in Yen
2024-07-30 18:09:06,270 - __main__ - INFO - parsing pdf at : /home/kumarsau/private/capula/pyhelp/jpy_parser/data/S100U1SV.pdf
2024-07-30 18:09:06,271 - __main__ - INFO - retrieve japenese text
2024-07-30 18:09:06,376 - __main__ - INFO - translating to english
2024-07-30 18:09:06,733 - __main__ - WARNING - couldnt find disposed shares, error : list index out of range
2024-07-30 18:09:06,733 - __main__ - INFO - parsing pdf at : /home/kumarsau/private/capula/pyhelp/jpy_parser/data/S100U200.pdf
2024-07-30 18:09:06,733 - __main__ - INFO - retrieve japenese text
2024-07-30 18:09:06,842 - __main__ - INFO - translating to english
2024-07-30 18:09:07,217 - __main__ - WARNING - couldnt find disposed shares, error : list index out of range
2024-07-30 18:09:07,218 - __main__ - WARNING - couldnt find treasury stocks, error : expecting 2 numbers for buyback shares - No of stocks and stocks' value in Yen
2024-07-30 18:09:07,218 - __main__ - INFO - parsing pdf at : /home/kumarsau/private/capula/pyhelp/jpy_parser/data/S100U203.pdf
2024-07-30 18:09:07,218 - __main__ - INFO - retrieve japenese text
2024-07-30 18:09:07,324 - __main__ - INFO - translating to english
2024-07-30 18:09:08,889 - __main__ - WARNING - couldnt find disposed shares, error : list index out of range
2024-07-30 18:09:08,889 - __main__ - WARNING - couldnt find treasury stocks, error : expecting 2 numbers for buyback shares - No of stocks and stocks' value in Yen
2024-07-30 18:09:08,889 - __main__ - INFO - parsing pdf at : /home/kumarsau/private/capula/pyhelp/jpy_parser/data/S100U204.pdf
2024-07-30 18:09:08,890 - __main__ - INFO - retrieve japenese text
2024-07-30 18:09:09,027 - __main__ - INFO - translating to english
2024-07-30 18:09:10,871 - __main__ - WARNING - couldnt find disposed shares, error : list index out of range
2024-07-30 18:09:10,871 - __main__ - WARNING - couldnt find approved buyback shares, error : expecting 2 numbers for buyback shares - No of stocks and stocks' value in Yen
2024-07-30 18:09:30,981 - __main__ - INFO - parsing pdf at : /home/kumarsau/private/capula/pyhelp/jpy_parser/data/S100TZQ3.pdf
2024-07-30 18:09:30,982 - __main__ - INFO - retrieve japenese text
2024-07-30 18:09:31,070 - __main__ - INFO - translating to english
2024-07-30 18:09:31,707 - __main__ - WARNING - couldnt find approved buyback shares, error : expecting 2 numbers for buyback shares - No of stocks and stocks' value in Yen
2024-07-30 18:09:31,707 - __main__ - INFO - parsing pdf at : /home/kumarsau/private/capula/pyhelp/jpy_parser/data/S100U0Q8.pdf
2024-07-30 18:09:31,707 - __main__ - INFO - retrieve japenese text
2024-07-30 18:09:31,769 - __main__ - INFO - translating to english
2024-07-30 18:09:32,127 - __main__ - WARNING - couldnt find disposed shares, error : list index out of range
2024-07-30 18:09:32,127 - __main__ - WARNING - couldnt find treasury stocks, error : expecting 2 numbers for buyback shares - No of stocks and stocks' value in Yen
2024-07-30 18:09:32,127 - __main__ - INFO - parsing pdf at : /home/kumarsau/private/capula/pyhelp/jpy_parser/data/S100U1SV.pdf
2024-07-30 18:09:32,127 - __main__ - INFO - retrieve japenese text
2024-07-30 18:09:32,227 - __main__ - INFO - translating to english
2024-07-30 18:09:32,932 - __main__ - WARNING - couldnt find disposed shares, error : list index out of range
2024-07-30 18:09:32,932 - __main__ - INFO - parsing pdf at : /home/kumarsau/private/capula/pyhelp/jpy_parser/data/S100U200.pdf
2024-07-30 18:09:32,932 - __main__ - INFO - retrieve japenese text
2024-07-30 18:09:33,045 - __main__ - INFO - translating to english
2024-07-30 18:09:34,614 - __main__ - WARNING - couldnt find disposed shares, error : list index out of range
2024-07-30 18:09:34,614 - __main__ - WARNING - couldnt find treasury stocks, error : expecting 2 numbers for buyback shares - No of stocks and stocks' value in Yen
2024-07-30 18:09:34,614 - __main__ - INFO - parsing pdf at : /home/kumarsau/private/capula/pyhelp/jpy_parser/data/S100U203.pdf
2024-07-30 18:09:34,614 - __main__ - INFO - retrieve japenese text
2024-07-30 18:09:34,716 - __main__ - INFO - translating to english
2024-07-30 18:09:35,360 - __main__ - WARNING - couldnt find disposed shares, error : list index out of range
2024-07-30 18:09:35,360 - __main__ - WARNING - couldnt find treasury stocks, error : expecting 2 numbers for buyback shares - No of stocks and stocks' value in Yen
2024-07-30 18:09:35,360 - __main__ - INFO - parsing pdf at : /home/kumarsau/private/capula/pyhelp/jpy_parser/data/S100U204.pdf
2024-07-30 18:09:35,360 - __main__ - INFO - retrieve japenese text
2024-07-30 18:09:35,492 - __main__ - INFO - translating to english
2024-07-30 18:09:35,888 - __main__ - WARNING - couldnt find disposed shares, error : list index out of range
2024-07-30 18:09:35,888 - __main__ - WARNING - couldnt find approved buyback shares, error : expecting 2 numbers for buyback shares - No of stocks and stocks' value in Yen
2024-07-30 18:10:00,275 - __main__ - INFO - parsing pdf at : /home/kumarsau/private/capula/pyhelp/jpy_parser/data/S100TZQ3.pdf
2024-07-30 18:10:00,275 - __main__ - INFO - retrieve japenese text
2024-07-30 18:10:00,365 - __main__ - INFO - translating to english
2024-07-30 18:10:00,772 - __main__ - WARNING - couldnt find approved buyback shares, error : expecting 2 numbers for buyback shares - No of stocks and stocks' value in Yen
2024-07-30 18:10:00,772 - __main__ - INFO - parsing pdf at : /home/kumarsau/private/capula/pyhelp/jpy_parser/data/S100U0Q8.pdf
2024-07-30 18:10:00,772 - __main__ - INFO - retrieve japenese text
2024-07-30 18:10:00,839 - __main__ - INFO - translating to english
2024-07-30 18:10:01,194 - __main__ - WARNING - couldnt find disposed shares, error : list index out of range
2024-07-30 18:10:01,194 - __main__ - WARNING - couldnt find treasury stocks, error : expecting 2 numbers for buyback shares - No of stocks and stocks' value in Yen
2024-07-30 18:10:01,194 - __main__ - INFO - parsing pdf at : /home/kumarsau/private/capula/pyhelp/jpy_parser/data/S100U1SV.pdf
2024-07-30 18:10:01,194 - __main__ - INFO - retrieve japenese text
2024-07-30 18:10:01,295 - __main__ - INFO - translating to english
2024-07-30 18:10:01,671 - __main__ - WARNING - couldnt find disposed shares, error : list index out of range
2024-07-30 18:10:01,671 - __main__ - INFO - parsing pdf at : /home/kumarsau/private/capula/pyhelp/jpy_parser/data/S100U200.pdf
2024-07-30 18:10:01,671 - __main__ - INFO - retrieve japenese text
2024-07-30 18:10:01,779 - __main__ - INFO - translating to english
2024-07-30 18:10:02,097 - __main__ - WARNING - couldnt find disposed shares, error : list index out of range
2024-07-30 18:10:02,097 - __main__ - WARNING - couldnt find treasury stocks, error : expecting 2 numbers for buyback shares - No of stocks and stocks' value in Yen
2024-07-30 18:10:02,097 - __main__ - INFO - parsing pdf at : /home/kumarsau/private/capula/pyhelp/jpy_parser/data/S100U203.pdf
2024-07-30 18:10:02,098 - __main__ - INFO - retrieve japenese text
2024-07-30 18:10:02,199 - __main__ - INFO - translating to english
2024-07-30 18:10:02,566 - __main__ - WARNING - couldnt find disposed shares, error : list index out of range
2024-07-30 18:10:02,566 - __main__ - WARNING - couldnt find treasury stocks, error : expecting 2 numbers for buyback shares - No of stocks and stocks' value in Yen
2024-07-30 18:10:02,566 - __main__ - INFO - parsing pdf at : /home/kumarsau/private/capula/pyhelp/jpy_parser/data/S100U204.pdf
2024-07-30 18:10:02,566 - __main__ - INFO - retrieve japenese text
2024-07-30 18:10:02,737 - __main__ - INFO - translating to english
2024-07-30 18:10:03,837 - __main__ - WARNING - couldnt find disposed shares, error : list index out of range
2024-07-30 18:10:03,837 - __main__ - WARNING - couldnt find approved buyback shares, error : expecting 2 numbers for buyback shares - No of stocks and stocks' value in Yen
2024-07-30 18:10:34,436 - __main__ - INFO - parsing pdf at : /home/kumarsau/private/capula/pyhelp/jpy_parser/data/S100TZQ3.pdf
2024-07-30 18:10:34,436 - __main__ - INFO - retrieve japenese text
2024-07-30 18:10:34,523 - __main__ - INFO - translating to english
2024-07-30 18:10:35,051 - __main__ - WARNING - couldnt find approved buyback shares, error : expecting 2 numbers for buyback shares - No of stocks and stocks' value in Yen
2024-07-30 18:10:35,051 - __main__ - INFO - parsing pdf at : /home/kumarsau/private/capula/pyhelp/jpy_parser/data/S100U0Q8.pdf
2024-07-30 18:10:35,051 - __main__ - INFO - retrieve japenese text
2024-07-30 18:10:35,112 - __main__ - INFO - translating to english
2024-07-30 18:10:36,689 - __main__ - WARNING - couldnt find disposed shares, error : list index out of range
2024-07-30 18:10:36,690 - __main__ - WARNING - couldnt find treasury stocks, error : expecting 2 numbers for buyback shares - No of stocks and stocks' value in Yen
2024-07-30 18:10:36,690 - __main__ - INFO - parsing pdf at : /home/kumarsau/private/capula/pyhelp/jpy_parser/data/S100U1SV.pdf
2024-07-30 18:10:36,690 - __main__ - INFO - retrieve japenese text
2024-07-30 18:10:36,791 - __main__ - INFO - translating to english
2024-07-30 18:10:37,168 - __main__ - WARNING - couldnt find disposed shares, error : list index out of range
2024-07-30 18:10:37,168 - __main__ - INFO - parsing pdf at : /home/kumarsau/private/capula/pyhelp/jpy_parser/data/S100U200.pdf
2024-07-30 18:10:37,168 - __main__ - INFO - retrieve japenese text
2024-07-30 18:10:37,276 - __main__ - INFO - translating to english
2024-07-30 18:10:37,967 - __main__ - WARNING - couldnt find disposed shares, error : list index out of range
2024-07-30 18:10:37,967 - __main__ - WARNING - couldnt find treasury stocks, error : expecting 2 numbers for buyback shares - No of stocks and stocks' value in Yen
2024-07-30 18:10:37,967 - __main__ - INFO - parsing pdf at : /home/kumarsau/private/capula/pyhelp/jpy_parser/data/S100U203.pdf
2024-07-30 18:10:37,967 - __main__ - INFO - retrieve japenese text
2024-07-30 18:10:38,070 - __main__ - INFO - translating to english
2024-07-30 18:10:38,405 - __main__ - WARNING - couldnt find disposed shares, error : list index out of range
2024-07-30 18:10:38,405 - __main__ - WARNING - couldnt find treasury stocks, error : expecting 2 numbers for buyback shares - No of stocks and stocks' value in Yen
2024-07-30 18:10:38,405 - __main__ - INFO - parsing pdf at : /home/kumarsau/private/capula/pyhelp/jpy_parser/data/S100U204.pdf
2024-07-30 18:10:38,405 - __main__ - INFO - retrieve japenese text
2024-07-30 18:10:38,537 - __main__ - INFO - translating to english
2024-07-30 18:10:39,002 - __main__ - WARNING - couldnt find disposed shares, error : list index out of range
2024-07-30 18:10:39,002 - __main__ - WARNING - couldnt find approved buyback shares, error : expecting 2 numbers for buyback shares - No of stocks and stocks' value in Yen
